<?xml version="1.0" encoding="UTF-8"?>
<robot generator="Robot 7.0 (Python 3.12.2 on darwin)" generated="2024-03-05T21:57:10.307644" rpa="false" schemaversion="5">
<suite id="s1" name="Suites">
<suite id="s1-s1" name="dataTest" source="/Users/dilipdronadula/PycharmProjects/RobotFrameworkDemoTest/Tests/E-CommerceTest/dataTest.robot">
<test id="s1-s1-t1" name="Add Remove Items From Excel" line="17">
<kw name="Open my Browser" type="SETUP">
<kw name="Open Browser" owner="SeleniumLibrary">
<msg time="2024-03-05T21:57:12.545320" level="INFO">Opening browser 'Chrome' to base url 'https://www.saucedemo.com/'.</msg>
<arg>${ENV_URL}</arg>
<arg>${browser}</arg>
<doc>Opens a new browser instance to the optional ``url``.</doc>
<status status="PASS" start="2024-03-05T21:57:12.545161" elapsed="7.808403"/>
</kw>
<status status="PASS" start="2024-03-05T21:57:12.544768" elapsed="7.809370"/>
</kw>
<kw name="Add Remove Items From Excel">
<kw name="Input Text" owner="SeleniumLibrary">
<msg time="2024-03-05T21:57:20.359015" level="INFO">Typing text 'standard_user' into text field 'id=user-name'.</msg>
<arg>id=user-name</arg>
<arg>standard_user</arg>
<doc>Types the given ``text`` into the text field identified by ``locator``.</doc>
<status status="PASS" start="2024-03-05T21:57:20.358071" elapsed="0.152131"/>
</kw>
<kw name="Input Text" owner="SeleniumLibrary">
<msg time="2024-03-05T21:57:20.510702" level="INFO">Typing text 'secret_sauce' into text field 'id=password'.</msg>
<arg>id=password</arg>
<arg>secret_sauce</arg>
<doc>Types the given ``text`` into the text field identified by ``locator``.</doc>
<status status="PASS" start="2024-03-05T21:57:20.510514" elapsed="0.044542"/>
</kw>
<kw name="Click Button" owner="SeleniumLibrary">
<msg time="2024-03-05T21:57:20.555369" level="INFO">Clicking button 'id=login-button'.</msg>
<arg>id=login-button</arg>
<doc>Clicks the button identified by ``locator``.</doc>
<status status="PASS" start="2024-03-05T21:57:20.555208" elapsed="0.054075"/>
</kw>
<kw name="Wait Until Element Is Visible" owner="SeleniumLibrary">
<arg>${ProductTitle}</arg>
<doc>Waits until the element ``locator`` is visible.</doc>
<status status="PASS" start="2024-03-05T21:57:20.609466" elapsed="0.052096"/>
</kw>
<kw name="Set Variable" owner="BuiltIn">
<msg time="2024-03-05T21:57:20.661912" level="INFO">${ADD_CART} = //div[contains(@class, 'inventory_item_name')][text()='Sauce Labs Backpack']/../../..//button[contains(text(),'Add to cart')]</msg>
<var>${ADD_CART}</var>
<arg>//div[contains(@class, 'inventory_item_name')][text()='${additem}']/../../..//button[contains(text(),'Add to cart')]</arg>
<doc>Returns the given values which can then be assigned to a variables.</doc>
<status status="PASS" start="2024-03-05T21:57:20.661721" elapsed="0.000208"/>
</kw>
<kw name="Wait Until Element Is Visible" owner="SeleniumLibrary">
<arg>${ADD_CART}</arg>
<doc>Waits until the element ``locator`` is visible.</doc>
<status status="PASS" start="2024-03-05T21:57:20.661994" elapsed="0.010767"/>
</kw>
<kw name="Click Button" owner="SeleniumLibrary">
<msg time="2024-03-05T21:57:20.673038" level="INFO">Clicking button '//div[contains(@class, 'inventory_item_name')][text()='Sauce Labs Backpack']/../../..//button[contains(text(),'Add to cart')]'.</msg>
<arg>${ADD_CART}</arg>
<doc>Clicks the button identified by ``locator``.</doc>
<status status="PASS" start="2024-03-05T21:57:20.672886" elapsed="0.026688"/>
</kw>
<kw name="Set Variable" owner="BuiltIn">
<msg time="2024-03-05T21:57:20.699864" level="INFO">${REMOVE_CART} = //div[contains(@class, 'inventory_item_name')][text()='Sauce Labs Backpack']/../../..//button[contains(text(),'Remove')]</msg>
<var>${REMOVE_CART}</var>
<arg>//div[contains(@class, 'inventory_item_name')][text()='${removeitem}']/../../..//button[contains(text(),'Remove')]</arg>
<doc>Returns the given values which can then be assigned to a variables.</doc>
<status status="PASS" start="2024-03-05T21:57:20.699706" elapsed="0.000184"/>
</kw>
<kw name="Wait Until Element Is Visible" owner="SeleniumLibrary">
<arg>${REMOVE_CART}</arg>
<doc>Waits until the element ``locator`` is visible.</doc>
<status status="PASS" start="2024-03-05T21:57:20.699952" elapsed="0.008425"/>
</kw>
<kw name="Click Button" owner="SeleniumLibrary">
<msg time="2024-03-05T21:57:20.708915" level="INFO">Clicking button '//div[contains(@class, 'inventory_item_name')][text()='Sauce Labs Backpack']/../../..//button[contains(text(),'Remove')]'.</msg>
<arg>${REMOVE_CART}</arg>
<doc>Clicks the button identified by ``locator``.</doc>
<status status="PASS" start="2024-03-05T21:57:20.708531" elapsed="0.026711"/>
</kw>
<arg>additem=Sauce Labs Backpack</arg>
<arg>removeitem=Sauce Labs Backpack</arg>
<doc>The Test data for this Test case is drived from Data.xlsx to handle large volume of Test data</doc>
<status status="PASS" start="2024-03-05T21:57:20.357154" elapsed="0.378183"/>
</kw>
<kw name="Close Browser" owner="SeleniumLibrary" type="TEARDOWN">
<doc>Closes the current browser.</doc>
<status status="PASS" start="2024-03-05T21:57:20.735525" elapsed="0.186286"/>
</kw>
<status status="PASS" start="2024-03-05T21:57:12.543986" elapsed="8.377939"/>
</test>
<test id="s1-s1-t2" name="Add Remove Items From Excel" line="17">
<kw name="Open my Browser" type="SETUP">
<kw name="Open Browser" owner="SeleniumLibrary">
<msg time="2024-03-05T21:57:20.923901" level="INFO">Opening browser 'Chrome' to base url 'https://www.saucedemo.com/'.</msg>
<arg>${ENV_URL}</arg>
<arg>${browser}</arg>
<doc>Opens a new browser instance to the optional ``url``.</doc>
<status status="PASS" start="2024-03-05T21:57:20.923747" elapsed="4.558431"/>
</kw>
<status status="PASS" start="2024-03-05T21:57:20.923524" elapsed="4.559295"/>
</kw>
<kw name="Add Remove Items From Excel">
<kw name="Input Text" owner="SeleniumLibrary">
<msg time="2024-03-05T21:57:25.484162" level="INFO">Typing text 'standard_user' into text field 'id=user-name'.</msg>
<arg>id=user-name</arg>
<arg>standard_user</arg>
<doc>Types the given ``text`` into the text field identified by ``locator``.</doc>
<status status="PASS" start="2024-03-05T21:57:25.483899" elapsed="0.082197"/>
</kw>
<kw name="Input Text" owner="SeleniumLibrary">
<msg time="2024-03-05T21:57:25.566380" level="INFO">Typing text 'secret_sauce' into text field 'id=password'.</msg>
<arg>id=password</arg>
<arg>secret_sauce</arg>
<doc>Types the given ``text`` into the text field identified by ``locator``.</doc>
<status status="PASS" start="2024-03-05T21:57:25.566226" elapsed="0.038415"/>
</kw>
<kw name="Click Button" owner="SeleniumLibrary">
<msg time="2024-03-05T21:57:25.605023" level="INFO">Clicking button 'id=login-button'.</msg>
<arg>id=login-button</arg>
<doc>Clicks the button identified by ``locator``.</doc>
<status status="PASS" start="2024-03-05T21:57:25.604776" elapsed="0.041768"/>
</kw>
<kw name="Wait Until Element Is Visible" owner="SeleniumLibrary">
<arg>${ProductTitle}</arg>
<doc>Waits until the element ``locator`` is visible.</doc>
<status status="PASS" start="2024-03-05T21:57:25.646714" elapsed="0.013370"/>
</kw>
<kw name="Set Variable" owner="BuiltIn">
<msg time="2024-03-05T21:57:25.660909" level="INFO">${ADD_CART} = //div[contains(@class, 'inventory_item_name')][text()='Sauce Labs Backpack']/../../..//button[contains(text(),'Add to cart')]</msg>
<var>${ADD_CART}</var>
<arg>//div[contains(@class, 'inventory_item_name')][text()='${additem}']/../../..//button[contains(text(),'Add to cart')]</arg>
<doc>Returns the given values which can then be assigned to a variables.</doc>
<status status="PASS" start="2024-03-05T21:57:25.660626" elapsed="0.000308"/>
</kw>
<kw name="Wait Until Element Is Visible" owner="SeleniumLibrary">
<arg>${ADD_CART}</arg>
<doc>Waits until the element ``locator`` is visible.</doc>
<status status="PASS" start="2024-03-05T21:57:25.661018" elapsed="0.013558"/>
</kw>
<kw name="Click Button" owner="SeleniumLibrary">
<msg time="2024-03-05T21:57:25.674863" level="INFO">Clicking button '//div[contains(@class, 'inventory_item_name')][text()='Sauce Labs Backpack']/../../..//button[contains(text(),'Add to cart')]'.</msg>
<arg>${ADD_CART}</arg>
<doc>Clicks the button identified by ``locator``.</doc>
<status status="PASS" start="2024-03-05T21:57:25.674701" elapsed="0.025862"/>
</kw>
<kw name="Set Variable" owner="BuiltIn">
<msg time="2024-03-05T21:57:25.704640" level="INFO">${REMOVE_CART} = //div[contains(@class, 'inventory_item_name')][text()='Sauce Labs Backpack']/../../..//button[contains(text(),'Remove')]</msg>
<var>${REMOVE_CART}</var>
<arg>//div[contains(@class, 'inventory_item_name')][text()='${removeitem}']/../../..//button[contains(text(),'Remove')]</arg>
<doc>Returns the given values which can then be assigned to a variables.</doc>
<status status="PASS" start="2024-03-05T21:57:25.704425" elapsed="0.000235"/>
</kw>
<kw name="Wait Until Element Is Visible" owner="SeleniumLibrary">
<arg>${REMOVE_CART}</arg>
<doc>Waits until the element ``locator`` is visible.</doc>
<status status="PASS" start="2024-03-05T21:57:25.704735" elapsed="0.012996"/>
</kw>
<kw name="Click Button" owner="SeleniumLibrary">
<msg time="2024-03-05T21:57:25.718202" level="INFO">Clicking button '//div[contains(@class, 'inventory_item_name')][text()='Sauce Labs Backpack']/../../..//button[contains(text(),'Remove')]'.</msg>
<arg>${REMOVE_CART}</arg>
<doc>Clicks the button identified by ``locator``.</doc>
<status status="PASS" start="2024-03-05T21:57:25.717877" elapsed="0.030304"/>
</kw>
<arg>additem=Sauce Labs Backpack</arg>
<arg>removeitem=Sauce Labs Backpack</arg>
<doc>The Test data for this Test case is drived from Data.xlsx to handle large volume of Test data</doc>
<status status="PASS" start="2024-03-05T21:57:25.483355" elapsed="0.265004"/>
</kw>
<kw name="Close Browser" owner="SeleniumLibrary" type="TEARDOWN">
<doc>Closes the current browser.</doc>
<status status="PASS" start="2024-03-05T21:57:25.748588" elapsed="0.187320"/>
</kw>
<status status="PASS" start="2024-03-05T21:57:20.922842" elapsed="5.013154"/>
</test>
<test id="s1-s1-t3" name="Add Remove Items From Excel" line="17">
<kw name="Open my Browser" type="SETUP">
<kw name="Open Browser" owner="SeleniumLibrary">
<msg time="2024-03-05T21:57:25.937599" level="INFO">Opening browser 'Chrome' to base url 'https://www.saucedemo.com/'.</msg>
<arg>${ENV_URL}</arg>
<arg>${browser}</arg>
<doc>Opens a new browser instance to the optional ``url``.</doc>
<status status="PASS" start="2024-03-05T21:57:25.937413" elapsed="2.859830"/>
</kw>
<status status="PASS" start="2024-03-05T21:57:25.937165" elapsed="2.864856"/>
</kw>
<kw name="Add Remove Items From Excel">
<kw name="Input Text" owner="SeleniumLibrary">
<msg time="2024-03-05T21:57:28.808236" level="INFO">Typing text 'standard_user' into text field 'id=user-name'.</msg>
<arg>id=user-name</arg>
<arg>standard_user</arg>
<doc>Types the given ``text`` into the text field identified by ``locator``.</doc>
<status status="PASS" start="2024-03-05T21:57:28.807840" elapsed="0.598655"/>
</kw>
<kw name="Input Text" owner="SeleniumLibrary">
<msg time="2024-03-05T21:57:29.407163" level="INFO">Typing text 'secret_sauce' into text field 'id=password'.</msg>
<arg>id=password</arg>
<arg>secret_sauce</arg>
<doc>Types the given ``text`` into the text field identified by ``locator``.</doc>
<status status="PASS" start="2024-03-05T21:57:29.407005" elapsed="0.044606"/>
</kw>
<kw name="Click Button" owner="SeleniumLibrary">
<msg time="2024-03-05T21:57:29.451939" level="INFO">Clicking button 'id=login-button'.</msg>
<arg>id=login-button</arg>
<doc>Clicks the button identified by ``locator``.</doc>
<status status="PASS" start="2024-03-05T21:57:29.451775" elapsed="0.051432"/>
</kw>
<kw name="Wait Until Element Is Visible" owner="SeleniumLibrary">
<arg>${ProductTitle}</arg>
<doc>Waits until the element ``locator`` is visible.</doc>
<status status="PASS" start="2024-03-05T21:57:29.503728" elapsed="0.013306"/>
</kw>
<kw name="Set Variable" owner="BuiltIn">
<msg time="2024-03-05T21:57:29.517349" level="INFO">${ADD_CART} = //div[contains(@class, 'inventory_item_name')][text()='Sauce Labs Bike Light']/../../..//button[contains(text(),'Add to cart')]</msg>
<var>${ADD_CART}</var>
<arg>//div[contains(@class, 'inventory_item_name')][text()='${additem}']/../../..//button[contains(text(),'Add to cart')]</arg>
<doc>Returns the given values which can then be assigned to a variables.</doc>
<status status="PASS" start="2024-03-05T21:57:29.517178" elapsed="0.000192"/>
</kw>
<kw name="Wait Until Element Is Visible" owner="SeleniumLibrary">
<arg>${ADD_CART}</arg>
<doc>Waits until the element ``locator`` is visible.</doc>
<status status="PASS" start="2024-03-05T21:57:29.517433" elapsed="0.009853"/>
</kw>
<kw name="Click Button" owner="SeleniumLibrary">
<msg time="2024-03-05T21:57:29.527555" level="INFO">Clicking button '//div[contains(@class, 'inventory_item_name')][text()='Sauce Labs Bike Light']/../../..//button[contains(text(),'Add to cart')]'.</msg>
<arg>${ADD_CART}</arg>
<doc>Clicks the button identified by ``locator``.</doc>
<status status="PASS" start="2024-03-05T21:57:29.527403" elapsed="0.031282"/>
</kw>
<kw name="Set Variable" owner="BuiltIn">
<msg time="2024-03-05T21:57:29.559130" level="INFO">${REMOVE_CART} = //div[contains(@class, 'inventory_item_name')][text()='Sauce Labs Bike Light']/../../..//button[contains(text(),'Remove')]</msg>
<var>${REMOVE_CART}</var>
<arg>//div[contains(@class, 'inventory_item_name')][text()='${removeitem}']/../../..//button[contains(text(),'Remove')]</arg>
<doc>Returns the given values which can then be assigned to a variables.</doc>
<status status="PASS" start="2024-03-05T21:57:29.558829" elapsed="0.000324"/>
</kw>
<kw name="Wait Until Element Is Visible" owner="SeleniumLibrary">
<arg>${REMOVE_CART}</arg>
<doc>Waits until the element ``locator`` is visible.</doc>
<status status="PASS" start="2024-03-05T21:57:29.559230" elapsed="0.011816"/>
</kw>
<kw name="Click Button" owner="SeleniumLibrary">
<msg time="2024-03-05T21:57:29.571431" level="INFO">Clicking button '//div[contains(@class, 'inventory_item_name')][text()='Sauce Labs Bike Light']/../../..//button[contains(text(),'Remove')]'.</msg>
<arg>${REMOVE_CART}</arg>
<doc>Clicks the button identified by ``locator``.</doc>
<status status="PASS" start="2024-03-05T21:57:29.571185" elapsed="0.021237"/>
</kw>
<arg>additem=Sauce Labs Bike Light</arg>
<arg>removeitem=Sauce Labs Bike Light</arg>
<doc>The Test data for this Test case is drived from Data.xlsx to handle large volume of Test data</doc>
<status status="PASS" start="2024-03-05T21:57:28.806612" elapsed="0.785886"/>
</kw>
<kw name="Close Browser" owner="SeleniumLibrary" type="TEARDOWN">
<doc>Closes the current browser.</doc>
<status status="PASS" start="2024-03-05T21:57:29.592645" elapsed="0.315502"/>
</kw>
<status status="PASS" start="2024-03-05T21:57:25.936406" elapsed="3.971901"/>
</test>
<test id="s1-s1-t4" name="Add Remove Items From Excel" line="17">
<kw name="Open my Browser" type="SETUP">
<kw name="Open Browser" owner="SeleniumLibrary">
<msg time="2024-03-05T21:57:29.911061" level="INFO">Opening browser 'Chrome' to base url 'https://www.saucedemo.com/'.</msg>
<arg>${ENV_URL}</arg>
<arg>${browser}</arg>
<doc>Opens a new browser instance to the optional ``url``.</doc>
<status status="PASS" start="2024-03-05T21:57:29.910931" elapsed="2.408745"/>
</kw>
<status status="PASS" start="2024-03-05T21:57:29.910716" elapsed="2.409436"/>
</kw>
<kw name="Add Remove Items From Excel">
<kw name="Input Text" owner="SeleniumLibrary">
<msg time="2024-03-05T21:57:32.321303" level="INFO">Typing text 'standard_user' into text field 'id=user-name'.</msg>
<arg>id=user-name</arg>
<arg>standard_user</arg>
<doc>Types the given ``text`` into the text field identified by ``locator``.</doc>
<status status="PASS" start="2024-03-05T21:57:32.321075" elapsed="0.088969"/>
</kw>
<kw name="Input Text" owner="SeleniumLibrary">
<msg time="2024-03-05T21:57:32.410322" level="INFO">Typing text 'secret_sauce' into text field 'id=password'.</msg>
<arg>id=password</arg>
<arg>secret_sauce</arg>
<doc>Types the given ``text`` into the text field identified by ``locator``.</doc>
<status status="PASS" start="2024-03-05T21:57:32.410177" elapsed="0.039850"/>
</kw>
<kw name="Click Button" owner="SeleniumLibrary">
<msg time="2024-03-05T21:57:32.450301" level="INFO">Clicking button 'id=login-button'.</msg>
<arg>id=login-button</arg>
<doc>Clicks the button identified by ``locator``.</doc>
<status status="PASS" start="2024-03-05T21:57:32.450154" elapsed="0.046795"/>
</kw>
<kw name="Wait Until Element Is Visible" owner="SeleniumLibrary">
<arg>${ProductTitle}</arg>
<doc>Waits until the element ``locator`` is visible.</doc>
<status status="PASS" start="2024-03-05T21:57:32.497179" elapsed="0.017883"/>
</kw>
<kw name="Set Variable" owner="BuiltIn">
<msg time="2024-03-05T21:57:32.515383" level="INFO">${ADD_CART} = //div[contains(@class, 'inventory_item_name')][text()='Sauce Labs Bike Light']/../../..//button[contains(text(),'Add to cart')]</msg>
<var>${ADD_CART}</var>
<arg>//div[contains(@class, 'inventory_item_name')][text()='${additem}']/../../..//button[contains(text(),'Add to cart')]</arg>
<doc>Returns the given values which can then be assigned to a variables.</doc>
<status status="PASS" start="2024-03-05T21:57:32.515206" elapsed="0.000194"/>
</kw>
<kw name="Wait Until Element Is Visible" owner="SeleniumLibrary">
<arg>${ADD_CART}</arg>
<doc>Waits until the element ``locator`` is visible.</doc>
<status status="PASS" start="2024-03-05T21:57:32.515464" elapsed="0.021784"/>
</kw>
<kw name="Click Button" owner="SeleniumLibrary">
<msg time="2024-03-05T21:57:32.537541" level="INFO">Clicking button '//div[contains(@class, 'inventory_item_name')][text()='Sauce Labs Bike Light']/../../..//button[contains(text(),'Add to cart')]'.</msg>
<arg>${ADD_CART}</arg>
<doc>Clicks the button identified by ``locator``.</doc>
<status status="PASS" start="2024-03-05T21:57:32.537377" elapsed="0.029892"/>
</kw>
<kw name="Set Variable" owner="BuiltIn">
<msg time="2024-03-05T21:57:32.567577" level="INFO">${REMOVE_CART} = //div[contains(@class, 'inventory_item_name')][text()='Sauce Labs Bike Light']/../../..//button[contains(text(),'Remove')]</msg>
<var>${REMOVE_CART}</var>
<arg>//div[contains(@class, 'inventory_item_name')][text()='${removeitem}']/../../..//button[contains(text(),'Remove')]</arg>
<doc>Returns the given values which can then be assigned to a variables.</doc>
<status status="PASS" start="2024-03-05T21:57:32.567413" elapsed="0.000191"/>
</kw>
<kw name="Wait Until Element Is Visible" owner="SeleniumLibrary">
<arg>${REMOVE_CART}</arg>
<doc>Waits until the element ``locator`` is visible.</doc>
<status status="PASS" start="2024-03-05T21:57:32.567671" elapsed="0.012664"/>
</kw>
<kw name="Click Button" owner="SeleniumLibrary">
<msg time="2024-03-05T21:57:32.580616" level="INFO">Clicking button '//div[contains(@class, 'inventory_item_name')][text()='Sauce Labs Bike Light']/../../..//button[contains(text(),'Remove')]'.</msg>
<arg>${REMOVE_CART}</arg>
<doc>Clicks the button identified by ``locator``.</doc>
<status status="PASS" start="2024-03-05T21:57:32.580470" elapsed="0.022973"/>
</kw>
<arg>additem=Sauce Labs Bike Light</arg>
<arg>removeitem=Sauce Labs Bike Light</arg>
<doc>The Test data for this Test case is drived from Data.xlsx to handle large volume of Test data</doc>
<status status="PASS" start="2024-03-05T21:57:32.320631" elapsed="0.282892"/>
</kw>
<kw name="Close Browser" owner="SeleniumLibrary" type="TEARDOWN">
<doc>Closes the current browser.</doc>
<status status="PASS" start="2024-03-05T21:57:32.603660" elapsed="0.072511"/>
</kw>
<status status="PASS" start="2024-03-05T21:57:29.909842" elapsed="2.766405"/>
</test>
<test id="s1-s1-t5" name="Add Remove Items From Excel" line="17">
<kw name="Open my Browser" type="SETUP">
<kw name="Open Browser" owner="SeleniumLibrary">
<msg time="2024-03-05T21:57:32.677602" level="INFO">Opening browser 'Chrome' to base url 'https://www.saucedemo.com/'.</msg>
<arg>${ENV_URL}</arg>
<arg>${browser}</arg>
<doc>Opens a new browser instance to the optional ``url``.</doc>
<status status="PASS" start="2024-03-05T21:57:32.677473" elapsed="2.383798"/>
</kw>
<status status="PASS" start="2024-03-05T21:57:32.677264" elapsed="2.384241"/>
</kw>
<kw name="Add Remove Items From Excel">
<kw name="Input Text" owner="SeleniumLibrary">
<msg time="2024-03-05T21:57:35.062346" level="INFO">Typing text 'standard_user' into text field 'id=user-name'.</msg>
<arg>id=user-name</arg>
<arg>standard_user</arg>
<doc>Types the given ``text`` into the text field identified by ``locator``.</doc>
<status status="PASS" start="2024-03-05T21:57:35.062153" elapsed="0.093506"/>
</kw>
<kw name="Input Text" owner="SeleniumLibrary">
<msg time="2024-03-05T21:57:35.155973" level="INFO">Typing text 'secret_sauce' into text field 'id=password'.</msg>
<arg>id=password</arg>
<arg>secret_sauce</arg>
<doc>Types the given ``text`` into the text field identified by ``locator``.</doc>
<status status="PASS" start="2024-03-05T21:57:35.155800" elapsed="0.035069"/>
</kw>
<kw name="Click Button" owner="SeleniumLibrary">
<msg time="2024-03-05T21:57:35.191145" level="INFO">Clicking button 'id=login-button'.</msg>
<arg>id=login-button</arg>
<doc>Clicks the button identified by ``locator``.</doc>
<status status="PASS" start="2024-03-05T21:57:35.191000" elapsed="0.039015"/>
</kw>
<kw name="Wait Until Element Is Visible" owner="SeleniumLibrary">
<arg>${ProductTitle}</arg>
<doc>Waits until the element ``locator`` is visible.</doc>
<status status="PASS" start="2024-03-05T21:57:35.230189" elapsed="0.013206"/>
</kw>
<kw name="Set Variable" owner="BuiltIn">
<msg time="2024-03-05T21:57:35.243706" level="INFO">${ADD_CART} = //div[contains(@class, 'inventory_item_name')][text()='Sauce Labs Bolt T-Shirt']/../../..//button[contains(text(),'Add to cart')]</msg>
<var>${ADD_CART}</var>
<arg>//div[contains(@class, 'inventory_item_name')][text()='${additem}']/../../..//button[contains(text(),'Add to cart')]</arg>
<doc>Returns the given values which can then be assigned to a variables.</doc>
<status status="PASS" start="2024-03-05T21:57:35.243533" elapsed="0.000190"/>
</kw>
<kw name="Wait Until Element Is Visible" owner="SeleniumLibrary">
<arg>${ADD_CART}</arg>
<doc>Waits until the element ``locator`` is visible.</doc>
<status status="PASS" start="2024-03-05T21:57:35.243787" elapsed="0.013446"/>
</kw>
<kw name="Click Button" owner="SeleniumLibrary">
<msg time="2024-03-05T21:57:35.257516" level="INFO">Clicking button '//div[contains(@class, 'inventory_item_name')][text()='Sauce Labs Bolt T-Shirt']/../../..//button[contains(text(),'Add to cart')]'.</msg>
<arg>${ADD_CART}</arg>
<doc>Clicks the button identified by ``locator``.</doc>
<status status="PASS" start="2024-03-05T21:57:35.257349" elapsed="0.028713"/>
</kw>
<kw name="Set Variable" owner="BuiltIn">
<msg time="2024-03-05T21:57:35.286334" level="INFO">${REMOVE_CART} = //div[contains(@class, 'inventory_item_name')][text()='Sauce Labs Bolt T-Shirt']/../../..//button[contains(text(),'Remove')]</msg>
<var>${REMOVE_CART}</var>
<arg>//div[contains(@class, 'inventory_item_name')][text()='${removeitem}']/../../..//button[contains(text(),'Remove')]</arg>
<doc>Returns the given values which can then be assigned to a variables.</doc>
<status status="PASS" start="2024-03-05T21:57:35.286185" elapsed="0.000166"/>
</kw>
<kw name="Wait Until Element Is Visible" owner="SeleniumLibrary">
<arg>${REMOVE_CART}</arg>
<doc>Waits until the element ``locator`` is visible.</doc>
<status status="PASS" start="2024-03-05T21:57:35.286411" elapsed="0.011556"/>
</kw>
<kw name="Click Button" owner="SeleniumLibrary">
<msg time="2024-03-05T21:57:35.299039" level="INFO">Clicking button '//div[contains(@class, 'inventory_item_name')][text()='Sauce Labs Bolt T-Shirt']/../../..//button[contains(text(),'Remove')]'.</msg>
<arg>${REMOVE_CART}</arg>
<doc>Clicks the button identified by ``locator``.</doc>
<status status="PASS" start="2024-03-05T21:57:35.298610" elapsed="0.023505"/>
</kw>
<arg>additem=Sauce Labs Bolt T-Shirt</arg>
<arg>removeitem=Sauce Labs Bolt T-Shirt</arg>
<doc>The Test data for this Test case is drived from Data.xlsx to handle large volume of Test data</doc>
<status status="PASS" start="2024-03-05T21:57:35.061815" elapsed="0.260389"/>
</kw>
<kw name="Close Browser" owner="SeleniumLibrary" type="TEARDOWN">
<doc>Closes the current browser.</doc>
<status status="PASS" start="2024-03-05T21:57:35.322336" elapsed="0.071696"/>
</kw>
<status status="PASS" start="2024-03-05T21:57:32.676577" elapsed="2.717549"/>
</test>
<test id="s1-s1-t6" name="Add Remove Items From Excel" line="17">
<kw name="Open my Browser" type="SETUP">
<kw name="Open Browser" owner="SeleniumLibrary">
<msg time="2024-03-05T21:57:35.396359" level="INFO">Opening browser 'Chrome' to base url 'https://www.saucedemo.com/'.</msg>
<arg>${ENV_URL}</arg>
<arg>${browser}</arg>
<doc>Opens a new browser instance to the optional ``url``.</doc>
<status status="PASS" start="2024-03-05T21:57:35.396087" elapsed="2.855703"/>
</kw>
<status status="PASS" start="2024-03-05T21:57:35.395483" elapsed="2.857112"/>
</kw>
<kw name="Add Remove Items From Excel">
<kw name="Input Text" owner="SeleniumLibrary">
<msg time="2024-03-05T21:57:38.257161" level="INFO">Typing text 'standard_user' into text field 'id=user-name'.</msg>
<arg>id=user-name</arg>
<arg>standard_user</arg>
<doc>Types the given ``text`` into the text field identified by ``locator``.</doc>
<status status="PASS" start="2024-03-05T21:57:38.256695" elapsed="0.101361"/>
</kw>
<kw name="Input Text" owner="SeleniumLibrary">
<msg time="2024-03-05T21:57:38.358681" level="INFO">Typing text 'secret_sauce' into text field 'id=password'.</msg>
<arg>id=password</arg>
<arg>secret_sauce</arg>
<doc>Types the given ``text`` into the text field identified by ``locator``.</doc>
<status status="PASS" start="2024-03-05T21:57:38.358334" elapsed="0.057553"/>
</kw>
<kw name="Click Button" owner="SeleniumLibrary">
<msg time="2024-03-05T21:57:38.416421" level="INFO">Clicking button 'id=login-button'.</msg>
<arg>id=login-button</arg>
<doc>Clicks the button identified by ``locator``.</doc>
<status status="PASS" start="2024-03-05T21:57:38.416118" elapsed="0.207439"/>
</kw>
<kw name="Wait Until Element Is Visible" owner="SeleniumLibrary">
<arg>${ProductTitle}</arg>
<doc>Waits until the element ``locator`` is visible.</doc>
<status status="PASS" start="2024-03-05T21:57:38.623949" elapsed="0.112671"/>
</kw>
<kw name="Set Variable" owner="BuiltIn">
<msg time="2024-03-05T21:57:38.737223" level="INFO">${ADD_CART} = //div[contains(@class, 'inventory_item_name')][text()='Sauce Labs Bolt T-Shirt']/../../..//button[contains(text(),'Add to cart')]</msg>
<var>${ADD_CART}</var>
<arg>//div[contains(@class, 'inventory_item_name')][text()='${additem}']/../../..//button[contains(text(),'Add to cart')]</arg>
<doc>Returns the given values which can then be assigned to a variables.</doc>
<status status="PASS" start="2024-03-05T21:57:38.736982" elapsed="0.000264"/>
</kw>
<kw name="Wait Until Element Is Visible" owner="SeleniumLibrary">
<arg>${ADD_CART}</arg>
<doc>Waits until the element ``locator`` is visible.</doc>
<status status="PASS" start="2024-03-05T21:57:38.737329" elapsed="0.014367"/>
</kw>
<kw name="Click Button" owner="SeleniumLibrary">
<msg time="2024-03-05T21:57:38.751995" level="INFO">Clicking button '//div[contains(@class, 'inventory_item_name')][text()='Sauce Labs Bolt T-Shirt']/../../..//button[contains(text(),'Add to cart')]'.</msg>
<arg>${ADD_CART}</arg>
<doc>Clicks the button identified by ``locator``.</doc>
<status status="PASS" start="2024-03-05T21:57:38.751834" elapsed="0.026606"/>
</kw>
<kw name="Set Variable" owner="BuiltIn">
<msg time="2024-03-05T21:57:38.778718" level="INFO">${REMOVE_CART} = //div[contains(@class, 'inventory_item_name')][text()='Sauce Labs Bolt T-Shirt']/../../..//button[contains(text(),'Remove')]</msg>
<var>${REMOVE_CART}</var>
<arg>//div[contains(@class, 'inventory_item_name')][text()='${removeitem}']/../../..//button[contains(text(),'Remove')]</arg>
<doc>Returns the given values which can then be assigned to a variables.</doc>
<status status="PASS" start="2024-03-05T21:57:38.778566" elapsed="0.000168"/>
</kw>
<kw name="Wait Until Element Is Visible" owner="SeleniumLibrary">
<arg>${REMOVE_CART}</arg>
<doc>Waits until the element ``locator`` is visible.</doc>
<status status="PASS" start="2024-03-05T21:57:38.778798" elapsed="0.009666"/>
</kw>
<kw name="Click Button" owner="SeleniumLibrary">
<msg time="2024-03-05T21:57:38.788759" level="INFO">Clicking button '//div[contains(@class, 'inventory_item_name')][text()='Sauce Labs Bolt T-Shirt']/../../..//button[contains(text(),'Remove')]'.</msg>
<arg>${REMOVE_CART}</arg>
<doc>Clicks the button identified by ``locator``.</doc>
<status status="PASS" start="2024-03-05T21:57:38.788585" elapsed="0.021830"/>
</kw>
<arg>additem=Sauce Labs Bolt T-Shirt</arg>
<arg>removeitem=Sauce Labs Bolt T-Shirt</arg>
<doc>The Test data for this Test case is drived from Data.xlsx to handle large volume of Test data</doc>
<status status="PASS" start="2024-03-05T21:57:38.253064" elapsed="0.557436"/>
</kw>
<kw name="Close Browser" owner="SeleniumLibrary" type="TEARDOWN">
<doc>Closes the current browser.</doc>
<status status="PASS" start="2024-03-05T21:57:38.810665" elapsed="0.193911"/>
</kw>
<status status="PASS" start="2024-03-05T21:57:35.394796" elapsed="3.609981"/>
</test>
<test id="s1-s1-t7" name="Add Remove Items From Excel" line="17">
<kw name="Open my Browser" type="SETUP">
<kw name="Open Browser" owner="SeleniumLibrary">
<msg time="2024-03-05T21:57:39.007175" level="INFO">Opening browser 'Chrome' to base url 'https://www.saucedemo.com/'.</msg>
<arg>${ENV_URL}</arg>
<arg>${browser}</arg>
<doc>Opens a new browser instance to the optional ``url``.</doc>
<status status="PASS" start="2024-03-05T21:57:39.007005" elapsed="2.058839"/>
</kw>
<status status="PASS" start="2024-03-05T21:57:39.006645" elapsed="2.066502"/>
</kw>
<kw name="Add Remove Items From Excel">
<kw name="Input Text" owner="SeleniumLibrary">
<msg time="2024-03-05T21:57:41.082706" level="INFO">Typing text 'standard_user' into text field 'id=user-name'.</msg>
<arg>id=user-name</arg>
<arg>standard_user</arg>
<doc>Types the given ``text`` into the text field identified by ``locator``.</doc>
<status status="PASS" start="2024-03-05T21:57:41.076610" elapsed="0.469758"/>
</kw>
<kw name="Input Text" owner="SeleniumLibrary">
<msg time="2024-03-05T21:57:41.546768" level="INFO">Typing text 'secret_sauce' into text field 'id=password'.</msg>
<arg>id=password</arg>
<arg>secret_sauce</arg>
<doc>Types the given ``text`` into the text field identified by ``locator``.</doc>
<status status="PASS" start="2024-03-05T21:57:41.546538" elapsed="0.035117"/>
</kw>
<kw name="Click Button" owner="SeleniumLibrary">
<msg time="2024-03-05T21:57:41.583047" level="INFO">Clicking button 'id=login-button'.</msg>
<arg>id=login-button</arg>
<doc>Clicks the button identified by ``locator``.</doc>
<status status="PASS" start="2024-03-05T21:57:41.582809" elapsed="0.035134"/>
</kw>
<kw name="Wait Until Element Is Visible" owner="SeleniumLibrary">
<arg>${ProductTitle}</arg>
<doc>Waits until the element ``locator`` is visible.</doc>
<status status="PASS" start="2024-03-05T21:57:41.619327" elapsed="0.016696"/>
</kw>
<kw name="Set Variable" owner="BuiltIn">
<msg time="2024-03-05T21:57:41.636361" level="INFO">${ADD_CART} = //div[contains(@class, 'inventory_item_name')][text()='Sauce Labs Fleece Jacket']/../../..//button[contains(text(),'Add to cart')]</msg>
<var>${ADD_CART}</var>
<arg>//div[contains(@class, 'inventory_item_name')][text()='${additem}']/../../..//button[contains(text(),'Add to cart')]</arg>
<doc>Returns the given values which can then be assigned to a variables.</doc>
<status status="PASS" start="2024-03-05T21:57:41.636175" elapsed="0.000203"/>
</kw>
<kw name="Wait Until Element Is Visible" owner="SeleniumLibrary">
<arg>${ADD_CART}</arg>
<doc>Waits until the element ``locator`` is visible.</doc>
<status status="PASS" start="2024-03-05T21:57:41.636433" elapsed="0.010988"/>
</kw>
<kw name="Click Button" owner="SeleniumLibrary">
<msg time="2024-03-05T21:57:41.647698" level="INFO">Clicking button '//div[contains(@class, 'inventory_item_name')][text()='Sauce Labs Fleece Jacket']/../../..//button[contains(text(),'Add to cart')]'.</msg>
<arg>${ADD_CART}</arg>
<doc>Clicks the button identified by ``locator``.</doc>
<status status="PASS" start="2024-03-05T21:57:41.647538" elapsed="0.027514"/>
</kw>
<kw name="Set Variable" owner="BuiltIn">
<msg time="2024-03-05T21:57:41.675326" level="INFO">${REMOVE_CART} = //div[contains(@class, 'inventory_item_name')][text()='Sauce Labs Fleece Jacket']/../../..//button[contains(text(),'Remove')]</msg>
<var>${REMOVE_CART}</var>
<arg>//div[contains(@class, 'inventory_item_name')][text()='${removeitem}']/../../..//button[contains(text(),'Remove')]</arg>
<doc>Returns the given values which can then be assigned to a variables.</doc>
<status status="PASS" start="2024-03-05T21:57:41.675178" elapsed="0.010102"/>
</kw>
<kw name="Wait Until Element Is Visible" owner="SeleniumLibrary">
<arg>${REMOVE_CART}</arg>
<doc>Waits until the element ``locator`` is visible.</doc>
<status status="PASS" start="2024-03-05T21:57:41.685484" elapsed="0.016487"/>
</kw>
<kw name="Click Button" owner="SeleniumLibrary">
<msg time="2024-03-05T21:57:41.702254" level="INFO">Clicking button '//div[contains(@class, 'inventory_item_name')][text()='Sauce Labs Fleece Jacket']/../../..//button[contains(text(),'Remove')]'.</msg>
<arg>${REMOVE_CART}</arg>
<doc>Clicks the button identified by ``locator``.</doc>
<status status="PASS" start="2024-03-05T21:57:41.702101" elapsed="0.026008"/>
</kw>
<arg>additem=Sauce Labs Fleece Jacket</arg>
<arg>removeitem=Sauce Labs Fleece Jacket</arg>
<doc>The Test data for this Test case is drived from Data.xlsx to handle large volume of Test data</doc>
<status status="PASS" start="2024-03-05T21:57:41.075004" elapsed="0.653205"/>
</kw>
<kw name="Close Browser" owner="SeleniumLibrary" type="TEARDOWN">
<doc>Closes the current browser.</doc>
<status status="PASS" start="2024-03-05T21:57:41.728432" elapsed="0.072172"/>
</kw>
<status status="PASS" start="2024-03-05T21:57:39.005613" elapsed="2.795081"/>
</test>
<test id="s1-s1-t8" name="Add Remove Items From Excel" line="17">
<kw name="Open my Browser" type="SETUP">
<kw name="Open Browser" owner="SeleniumLibrary">
<msg time="2024-03-05T21:57:41.802643" level="INFO">Opening browser 'Chrome' to base url 'https://www.saucedemo.com/'.</msg>
<arg>${ENV_URL}</arg>
<arg>${browser}</arg>
<doc>Opens a new browser instance to the optional ``url``.</doc>
<status status="PASS" start="2024-03-05T21:57:41.802345" elapsed="3.390335"/>
</kw>
<status status="PASS" start="2024-03-05T21:57:41.802153" elapsed="3.391011"/>
</kw>
<kw name="Add Remove Items From Excel">
<kw name="Input Text" owner="SeleniumLibrary">
<msg time="2024-03-05T21:57:45.194334" level="INFO">Typing text 'standard_user' into text field 'id=user-name'.</msg>
<arg>id=user-name</arg>
<arg>standard_user</arg>
<doc>Types the given ``text`` into the text field identified by ``locator``.</doc>
<status status="PASS" start="2024-03-05T21:57:45.194127" elapsed="0.088305"/>
</kw>
<kw name="Input Text" owner="SeleniumLibrary">
<msg time="2024-03-05T21:57:45.282744" level="INFO">Typing text 'secret_sauce' into text field 'id=password'.</msg>
<arg>id=password</arg>
<arg>secret_sauce</arg>
<doc>Types the given ``text`` into the text field identified by ``locator``.</doc>
<status status="PASS" start="2024-03-05T21:57:45.282579" elapsed="0.039093"/>
</kw>
<kw name="Click Button" owner="SeleniumLibrary">
<msg time="2024-03-05T21:57:45.321947" level="INFO">Clicking button 'id=login-button'.</msg>
<arg>id=login-button</arg>
<doc>Clicks the button identified by ``locator``.</doc>
<status status="PASS" start="2024-03-05T21:57:45.321805" elapsed="0.037466"/>
</kw>
<kw name="Wait Until Element Is Visible" owner="SeleniumLibrary">
<arg>${ProductTitle}</arg>
<doc>Waits until the element ``locator`` is visible.</doc>
<status status="PASS" start="2024-03-05T21:57:45.359422" elapsed="0.013489"/>
</kw>
<kw name="Set Variable" owner="BuiltIn">
<msg time="2024-03-05T21:57:45.373226" level="INFO">${ADD_CART} = //div[contains(@class, 'inventory_item_name')][text()='Sauce Labs Fleece Jacket']/../../..//button[contains(text(),'Add to cart')]</msg>
<var>${ADD_CART}</var>
<arg>//div[contains(@class, 'inventory_item_name')][text()='${additem}']/../../..//button[contains(text(),'Add to cart')]</arg>
<doc>Returns the given values which can then be assigned to a variables.</doc>
<status status="PASS" start="2024-03-05T21:57:45.373053" elapsed="0.000190"/>
</kw>
<kw name="Wait Until Element Is Visible" owner="SeleniumLibrary">
<arg>${ADD_CART}</arg>
<doc>Waits until the element ``locator`` is visible.</doc>
<status status="PASS" start="2024-03-05T21:57:45.373302" elapsed="0.010691"/>
</kw>
<kw name="Click Button" owner="SeleniumLibrary">
<msg time="2024-03-05T21:57:45.384259" level="INFO">Clicking button '//div[contains(@class, 'inventory_item_name')][text()='Sauce Labs Fleece Jacket']/../../..//button[contains(text(),'Add to cart')]'.</msg>
<arg>${ADD_CART}</arg>
<doc>Clicks the button identified by ``locator``.</doc>
<status status="PASS" start="2024-03-05T21:57:45.384107" elapsed="0.027068"/>
</kw>
<kw name="Set Variable" owner="BuiltIn">
<msg time="2024-03-05T21:57:45.411450" level="INFO">${REMOVE_CART} = //div[contains(@class, 'inventory_item_name')][text()='Sauce Labs Fleece Jacket']/../../..//button[contains(text(),'Remove')]</msg>
<var>${REMOVE_CART}</var>
<arg>//div[contains(@class, 'inventory_item_name')][text()='${removeitem}']/../../..//button[contains(text(),'Remove')]</arg>
<doc>Returns the given values which can then be assigned to a variables.</doc>
<status status="PASS" start="2024-03-05T21:57:45.411298" elapsed="0.000169"/>
</kw>
<kw name="Wait Until Element Is Visible" owner="SeleniumLibrary">
<arg>${REMOVE_CART}</arg>
<doc>Waits until the element ``locator`` is visible.</doc>
<status status="PASS" start="2024-03-05T21:57:45.411527" elapsed="0.016358"/>
</kw>
<kw name="Click Button" owner="SeleniumLibrary">
<msg time="2024-03-05T21:57:45.429552" level="INFO">Clicking button '//div[contains(@class, 'inventory_item_name')][text()='Sauce Labs Fleece Jacket']/../../..//button[contains(text(),'Remove')]'.</msg>
<arg>${REMOVE_CART}</arg>
<doc>Clicks the button identified by ``locator``.</doc>
<status status="PASS" start="2024-03-05T21:57:45.428471" elapsed="0.026058"/>
</kw>
<arg>additem=Sauce Labs Fleece Jacket</arg>
<arg>removeitem=Sauce Labs Fleece Jacket</arg>
<doc>The Test data for this Test case is drived from Data.xlsx to handle large volume of Test data</doc>
<status status="PASS" start="2024-03-05T21:57:45.193660" elapsed="0.260947"/>
</kw>
<kw name="Close Browser" owner="SeleniumLibrary" type="TEARDOWN">
<doc>Closes the current browser.</doc>
<status status="PASS" start="2024-03-05T21:57:45.454752" elapsed="0.069492"/>
</kw>
<status status="PASS" start="2024-03-05T21:57:41.801452" elapsed="3.722866"/>
</test>
<test id="s1-s1-t9" name="Add Remove Items From Excel" line="17">
<kw name="Open my Browser" type="SETUP">
<kw name="Open Browser" owner="SeleniumLibrary">
<msg time="2024-03-05T21:57:45.525649" level="INFO">Opening browser 'Chrome' to base url 'https://www.saucedemo.com/'.</msg>
<arg>${ENV_URL}</arg>
<arg>${browser}</arg>
<doc>Opens a new browser instance to the optional ``url``.</doc>
<status status="PASS" start="2024-03-05T21:57:45.525523" elapsed="2.402740"/>
</kw>
<status status="PASS" start="2024-03-05T21:57:45.525323" elapsed="2.403971"/>
</kw>
<kw name="Add Remove Items From Excel">
<kw name="Input Text" owner="SeleniumLibrary">
<msg time="2024-03-05T21:57:47.939274" level="INFO">Typing text 'standard_user' into text field 'id=user-name'.</msg>
<arg>id=user-name</arg>
<arg>standard_user</arg>
<doc>Types the given ``text`` into the text field identified by ``locator``.</doc>
<status status="PASS" start="2024-03-05T21:57:47.938838" elapsed="0.099762"/>
</kw>
<kw name="Input Text" owner="SeleniumLibrary">
<msg time="2024-03-05T21:57:48.038958" level="INFO">Typing text 'secret_sauce' into text field 'id=password'.</msg>
<arg>id=password</arg>
<arg>secret_sauce</arg>
<doc>Types the given ``text`` into the text field identified by ``locator``.</doc>
<status status="PASS" start="2024-03-05T21:57:48.038781" elapsed="0.033160"/>
</kw>
<kw name="Click Button" owner="SeleniumLibrary">
<msg time="2024-03-05T21:57:48.072273" level="INFO">Clicking button 'id=login-button'.</msg>
<arg>id=login-button</arg>
<doc>Clicks the button identified by ``locator``.</doc>
<status status="PASS" start="2024-03-05T21:57:48.072100" elapsed="0.040419"/>
</kw>
<kw name="Wait Until Element Is Visible" owner="SeleniumLibrary">
<arg>${ProductTitle}</arg>
<doc>Waits until the element ``locator`` is visible.</doc>
<status status="PASS" start="2024-03-05T21:57:48.144975" elapsed="0.013146"/>
</kw>
<kw name="Set Variable" owner="BuiltIn">
<msg time="2024-03-05T21:57:48.158440" level="INFO">${ADD_CART} = //div[contains(@class, 'inventory_item_name')][text()='Sauce Labs Onesie']/../../..//button[contains(text(),'Add to cart')]</msg>
<var>${ADD_CART}</var>
<arg>//div[contains(@class, 'inventory_item_name')][text()='${additem}']/../../..//button[contains(text(),'Add to cart')]</arg>
<doc>Returns the given values which can then be assigned to a variables.</doc>
<status status="PASS" start="2024-03-05T21:57:48.158261" elapsed="0.000200"/>
</kw>
<kw name="Wait Until Element Is Visible" owner="SeleniumLibrary">
<arg>${ADD_CART}</arg>
<doc>Waits until the element ``locator`` is visible.</doc>
<status status="PASS" start="2024-03-05T21:57:48.158521" elapsed="0.013000"/>
</kw>
<kw name="Click Button" owner="SeleniumLibrary">
<msg time="2024-03-05T21:57:48.172137" level="INFO">Clicking button '//div[contains(@class, 'inventory_item_name')][text()='Sauce Labs Onesie']/../../..//button[contains(text(),'Add to cart')]'.</msg>
<arg>${ADD_CART}</arg>
<doc>Clicks the button identified by ``locator``.</doc>
<status status="PASS" start="2024-03-05T21:57:48.171928" elapsed="0.027420"/>
</kw>
<kw name="Set Variable" owner="BuiltIn">
<msg time="2024-03-05T21:57:48.199633" level="INFO">${REMOVE_CART} = //div[contains(@class, 'inventory_item_name')][text()='Sauce Labs Onesie']/../../..//button[contains(text(),'Remove')]</msg>
<var>${REMOVE_CART}</var>
<arg>//div[contains(@class, 'inventory_item_name')][text()='${removeitem}']/../../..//button[contains(text(),'Remove')]</arg>
<doc>Returns the given values which can then be assigned to a variables.</doc>
<status status="PASS" start="2024-03-05T21:57:48.199477" elapsed="0.000182"/>
</kw>
<kw name="Wait Until Element Is Visible" owner="SeleniumLibrary">
<arg>${REMOVE_CART}</arg>
<doc>Waits until the element ``locator`` is visible.</doc>
<status status="PASS" start="2024-03-05T21:57:48.199717" elapsed="0.009955"/>
</kw>
<kw name="Click Button" owner="SeleniumLibrary">
<msg time="2024-03-05T21:57:48.211230" level="INFO">Clicking button '//div[contains(@class, 'inventory_item_name')][text()='Sauce Labs Onesie']/../../..//button[contains(text(),'Remove')]'.</msg>
<arg>${REMOVE_CART}</arg>
<doc>Clicks the button identified by ``locator``.</doc>
<status status="PASS" start="2024-03-05T21:57:48.210499" elapsed="0.022095"/>
</kw>
<arg>additem=Sauce Labs Onesie</arg>
<arg>removeitem=Sauce Labs Onesie</arg>
<doc>The Test data for this Test case is drived from Data.xlsx to handle large volume of Test data</doc>
<status status="PASS" start="2024-03-05T21:57:47.938053" elapsed="0.294638"/>
</kw>
<kw name="Close Browser" owner="SeleniumLibrary" type="TEARDOWN">
<doc>Closes the current browser.</doc>
<status status="PASS" start="2024-03-05T21:57:48.232851" elapsed="0.072058"/>
</kw>
<status status="PASS" start="2024-03-05T21:57:45.524650" elapsed="2.780345"/>
</test>
<test id="s1-s1-t10" name="Add Remove Items From Excel" line="17">
<kw name="Open my Browser" type="SETUP">
<kw name="Open Browser" owner="SeleniumLibrary">
<msg time="2024-03-05T21:57:48.306761" level="INFO">Opening browser 'Chrome' to base url 'https://www.saucedemo.com/'.</msg>
<arg>${ENV_URL}</arg>
<arg>${browser}</arg>
<doc>Opens a new browser instance to the optional ``url``.</doc>
<status status="PASS" start="2024-03-05T21:57:48.306633" elapsed="2.195346"/>
</kw>
<status status="PASS" start="2024-03-05T21:57:48.306418" elapsed="2.195818"/>
</kw>
<kw name="Add Remove Items From Excel">
<kw name="Input Text" owner="SeleniumLibrary">
<msg time="2024-03-05T21:57:50.503073" level="INFO">Typing text 'standard_user' into text field 'id=user-name'.</msg>
<arg>id=user-name</arg>
<arg>standard_user</arg>
<doc>Types the given ``text`` into the text field identified by ``locator``.</doc>
<status status="PASS" start="2024-03-05T21:57:50.502901" elapsed="0.090373"/>
</kw>
<kw name="Input Text" owner="SeleniumLibrary">
<msg time="2024-03-05T21:57:50.593575" level="INFO">Typing text 'secret_sauce' into text field 'id=password'.</msg>
<arg>id=password</arg>
<arg>secret_sauce</arg>
<doc>Types the given ``text`` into the text field identified by ``locator``.</doc>
<status status="PASS" start="2024-03-05T21:57:50.593414" elapsed="0.041022"/>
</kw>
<kw name="Click Button" owner="SeleniumLibrary">
<msg time="2024-03-05T21:57:50.634703" level="INFO">Clicking button 'id=login-button'.</msg>
<arg>id=login-button</arg>
<doc>Clicks the button identified by ``locator``.</doc>
<status status="PASS" start="2024-03-05T21:57:50.634567" elapsed="0.041510"/>
</kw>
<kw name="Wait Until Element Is Visible" owner="SeleniumLibrary">
<arg>${ProductTitle}</arg>
<doc>Waits until the element ``locator`` is visible.</doc>
<status status="PASS" start="2024-03-05T21:57:50.676224" elapsed="0.022532"/>
</kw>
<kw name="Set Variable" owner="BuiltIn">
<msg time="2024-03-05T21:57:50.699093" level="INFO">${ADD_CART} = //div[contains(@class, 'inventory_item_name')][text()='Sauce Labs Onesie']/../../..//button[contains(text(),'Add to cart')]</msg>
<var>${ADD_CART}</var>
<arg>//div[contains(@class, 'inventory_item_name')][text()='${additem}']/../../..//button[contains(text(),'Add to cart')]</arg>
<doc>Returns the given values which can then be assigned to a variables.</doc>
<status status="PASS" start="2024-03-05T21:57:50.698908" elapsed="0.000204"/>
</kw>
<kw name="Wait Until Element Is Visible" owner="SeleniumLibrary">
<arg>${ADD_CART}</arg>
<doc>Waits until the element ``locator`` is visible.</doc>
<status status="PASS" start="2024-03-05T21:57:50.699229" elapsed="0.016801"/>
</kw>
<kw name="Click Button" owner="SeleniumLibrary">
<msg time="2024-03-05T21:57:50.716368" level="INFO">Clicking button '//div[contains(@class, 'inventory_item_name')][text()='Sauce Labs Onesie']/../../..//button[contains(text(),'Add to cart')]'.</msg>
<arg>${ADD_CART}</arg>
<doc>Clicks the button identified by ``locator``.</doc>
<status status="PASS" start="2024-03-05T21:57:50.716161" elapsed="0.030792"/>
</kw>
<kw name="Set Variable" owner="BuiltIn">
<msg time="2024-03-05T21:57:50.747682" level="INFO">${REMOVE_CART} = //div[contains(@class, 'inventory_item_name')][text()='Sauce Labs Onesie']/../../..//button[contains(text(),'Remove')]</msg>
<var>${REMOVE_CART}</var>
<arg>//div[contains(@class, 'inventory_item_name')][text()='${removeitem}']/../../..//button[contains(text(),'Remove')]</arg>
<doc>Returns the given values which can then be assigned to a variables.</doc>
<status status="PASS" start="2024-03-05T21:57:50.747307" elapsed="0.000416"/>
</kw>
<kw name="Wait Until Element Is Visible" owner="SeleniumLibrary">
<arg>${REMOVE_CART}</arg>
<doc>Waits until the element ``locator`` is visible.</doc>
<status status="PASS" start="2024-03-05T21:57:50.747833" elapsed="0.008540"/>
</kw>
<kw name="Click Button" owner="SeleniumLibrary">
<msg time="2024-03-05T21:57:50.756645" level="INFO">Clicking button '//div[contains(@class, 'inventory_item_name')][text()='Sauce Labs Onesie']/../../..//button[contains(text(),'Remove')]'.</msg>
<arg>${REMOVE_CART}</arg>
<doc>Clicks the button identified by ``locator``.</doc>
<status status="PASS" start="2024-03-05T21:57:50.756489" elapsed="0.025105"/>
</kw>
<arg>additem=Sauce Labs Onesie</arg>
<arg>removeitem=Sauce Labs Onesie</arg>
<doc>The Test data for this Test case is drived from Data.xlsx to handle large volume of Test data</doc>
<status status="PASS" start="2024-03-05T21:57:50.502557" elapsed="0.279125"/>
</kw>
<kw name="Close Browser" owner="SeleniumLibrary" type="TEARDOWN">
<doc>Closes the current browser.</doc>
<status status="PASS" start="2024-03-05T21:57:50.781821" elapsed="0.072907"/>
</kw>
<status status="PASS" start="2024-03-05T21:57:48.305710" elapsed="2.549099"/>
</test>
<test id="s1-s1-t11" name="Add Remove Items From Excel" line="17">
<kw name="Open my Browser" type="SETUP">
<kw name="Open Browser" owner="SeleniumLibrary">
<msg time="2024-03-05T21:57:50.856179" level="INFO">Opening browser 'Chrome' to base url 'https://www.saucedemo.com/'.</msg>
<arg>${ENV_URL}</arg>
<arg>${browser}</arg>
<doc>Opens a new browser instance to the optional ``url``.</doc>
<status status="PASS" start="2024-03-05T21:57:50.856049" elapsed="2.566032"/>
</kw>
<status status="PASS" start="2024-03-05T21:57:50.855788" elapsed="2.570878"/>
</kw>
<kw name="Add Remove Items From Excel">
<kw name="Input Text" owner="SeleniumLibrary">
<msg time="2024-03-05T21:57:53.432677" level="INFO">Typing text 'standard_user' into text field 'id=user-name'.</msg>
<arg>id=user-name</arg>
<arg>standard_user</arg>
<doc>Types the given ``text`` into the text field identified by ``locator``.</doc>
<status status="PASS" start="2024-03-05T21:57:53.431831" elapsed="0.092832"/>
</kw>
<kw name="Input Text" owner="SeleniumLibrary">
<msg time="2024-03-05T21:57:53.525004" level="INFO">Typing text 'secret_sauce' into text field 'id=password'.</msg>
<arg>id=password</arg>
<arg>secret_sauce</arg>
<doc>Types the given ``text`` into the text field identified by ``locator``.</doc>
<status status="PASS" start="2024-03-05T21:57:53.524815" elapsed="0.035171"/>
</kw>
<kw name="Click Button" owner="SeleniumLibrary">
<msg time="2024-03-05T21:57:53.561384" level="INFO">Clicking button 'id=login-button'.</msg>
<arg>id=login-button</arg>
<doc>Clicks the button identified by ``locator``.</doc>
<status status="PASS" start="2024-03-05T21:57:53.560606" elapsed="0.039827"/>
</kw>
<kw name="Wait Until Element Is Visible" owner="SeleniumLibrary">
<arg>${ProductTitle}</arg>
<doc>Waits until the element ``locator`` is visible.</doc>
<status status="PASS" start="2024-03-05T21:57:53.600603" elapsed="0.014435"/>
</kw>
<kw name="Set Variable" owner="BuiltIn">
<msg time="2024-03-05T21:57:53.615421" level="INFO">${ADD_CART} = //div[contains(@class, 'inventory_item_name')][text()='Test.allTheThings() T-Shirt (Red)']/../../..//button[contains(text(),'Add to cart')]</msg>
<var>${ADD_CART}</var>
<arg>//div[contains(@class, 'inventory_item_name')][text()='${additem}']/../../..//button[contains(text(),'Add to cart')]</arg>
<doc>Returns the given values which can then be assigned to a variables.</doc>
<status status="PASS" start="2024-03-05T21:57:53.615209" elapsed="0.000237"/>
</kw>
<kw name="Wait Until Element Is Visible" owner="SeleniumLibrary">
<arg>${ADD_CART}</arg>
<doc>Waits until the element ``locator`` is visible.</doc>
<status status="PASS" start="2024-03-05T21:57:53.615656" elapsed="0.012540"/>
</kw>
<kw name="Click Button" owner="SeleniumLibrary">
<msg time="2024-03-05T21:57:53.628473" level="INFO">Clicking button '//div[contains(@class, 'inventory_item_name')][text()='Test.allTheThings() T-Shirt (Red)']/../../..//button[contains(text(),'Add to cart')]'.</msg>
<arg>${ADD_CART}</arg>
<doc>Clicks the button identified by ``locator``.</doc>
<status status="PASS" start="2024-03-05T21:57:53.628306" elapsed="0.049406"/>
</kw>
<kw name="Set Variable" owner="BuiltIn">
<msg time="2024-03-05T21:57:53.678016" level="INFO">${REMOVE_CART} = //div[contains(@class, 'inventory_item_name')][text()='Test.allTheThings() T-Shirt (Red)']/../../..//button[contains(text(),'Remove')]</msg>
<var>${REMOVE_CART}</var>
<arg>//div[contains(@class, 'inventory_item_name')][text()='${removeitem}']/../../..//button[contains(text(),'Remove')]</arg>
<doc>Returns the given values which can then be assigned to a variables.</doc>
<status status="PASS" start="2024-03-05T21:57:53.677850" elapsed="0.000184"/>
</kw>
<kw name="Wait Until Element Is Visible" owner="SeleniumLibrary">
<arg>${REMOVE_CART}</arg>
<doc>Waits until the element ``locator`` is visible.</doc>
<status status="PASS" start="2024-03-05T21:57:53.678102" elapsed="0.012647"/>
</kw>
<kw name="Click Button" owner="SeleniumLibrary">
<msg time="2024-03-05T21:57:53.691175" level="INFO">Clicking button '//div[contains(@class, 'inventory_item_name')][text()='Test.allTheThings() T-Shirt (Red)']/../../..//button[contains(text(),'Remove')]'.</msg>
<arg>${REMOVE_CART}</arg>
<doc>Clicks the button identified by ``locator``.</doc>
<status status="PASS" start="2024-03-05T21:57:53.690973" elapsed="0.023840"/>
</kw>
<arg>additem=Test.allTheThings() T-Shirt (Red)</arg>
<arg>removeitem=Test.allTheThings() T-Shirt (Red)</arg>
<doc>The Test data for this Test case is drived from Data.xlsx to handle large volume of Test data</doc>
<status status="PASS" start="2024-03-05T21:57:53.429252" elapsed="0.285645"/>
</kw>
<kw name="Close Browser" owner="SeleniumLibrary" type="TEARDOWN">
<doc>Closes the current browser.</doc>
<status status="PASS" start="2024-03-05T21:57:53.715078" elapsed="0.073467"/>
</kw>
<status status="PASS" start="2024-03-05T21:57:50.855130" elapsed="2.933501"/>
</test>
<test id="s1-s1-t12" name="Add Remove Items From Excel" line="17">
<kw name="Open my Browser" type="SETUP">
<kw name="Open Browser" owner="SeleniumLibrary">
<msg time="2024-03-05T21:57:53.790618" level="INFO">Opening browser 'Chrome' to base url 'https://www.saucedemo.com/'.</msg>
<arg>${ENV_URL}</arg>
<arg>${browser}</arg>
<doc>Opens a new browser instance to the optional ``url``.</doc>
<status status="PASS" start="2024-03-05T21:57:53.790470" elapsed="2.291863"/>
</kw>
<status status="PASS" start="2024-03-05T21:57:53.790232" elapsed="2.292462"/>
</kw>
<kw name="Add Remove Items From Excel">
<kw name="Input Text" owner="SeleniumLibrary">
<msg time="2024-03-05T21:57:56.084027" level="INFO">Typing text 'standard_user' into text field 'id=user-name'.</msg>
<arg>id=user-name</arg>
<arg>standard_user</arg>
<doc>Types the given ``text`` into the text field identified by ``locator``.</doc>
<status status="PASS" start="2024-03-05T21:57:56.083787" elapsed="0.096381"/>
</kw>
<kw name="Input Text" owner="SeleniumLibrary">
<msg time="2024-03-05T21:57:56.180459" level="INFO">Typing text 'secret_sauce' into text field 'id=password'.</msg>
<arg>id=password</arg>
<arg>secret_sauce</arg>
<doc>Types the given ``text`` into the text field identified by ``locator``.</doc>
<status status="PASS" start="2024-03-05T21:57:56.180298" elapsed="0.034997"/>
</kw>
<kw name="Click Button" owner="SeleniumLibrary">
<msg time="2024-03-05T21:57:56.215581" level="INFO">Clicking button 'id=login-button'.</msg>
<arg>id=login-button</arg>
<doc>Clicks the button identified by ``locator``.</doc>
<status status="PASS" start="2024-03-05T21:57:56.215436" elapsed="0.038961"/>
</kw>
<kw name="Wait Until Element Is Visible" owner="SeleniumLibrary">
<arg>${ProductTitle}</arg>
<doc>Waits until the element ``locator`` is visible.</doc>
<status status="PASS" start="2024-03-05T21:57:56.254540" elapsed="0.019009"/>
</kw>
<kw name="Set Variable" owner="BuiltIn">
<msg time="2024-03-05T21:57:56.273852" level="INFO">${ADD_CART} = //div[contains(@class, 'inventory_item_name')][text()='Test.allTheThings() T-Shirt (Red)']/../../..//button[contains(text(),'Add to cart')]</msg>
<var>${ADD_CART}</var>
<arg>//div[contains(@class, 'inventory_item_name')][text()='${additem}']/../../..//button[contains(text(),'Add to cart')]</arg>
<doc>Returns the given values which can then be assigned to a variables.</doc>
<status status="PASS" start="2024-03-05T21:57:56.273682" elapsed="0.000191"/>
</kw>
<kw name="Wait Until Element Is Visible" owner="SeleniumLibrary">
<arg>${ADD_CART}</arg>
<doc>Waits until the element ``locator`` is visible.</doc>
<status status="PASS" start="2024-03-05T21:57:56.273931" elapsed="0.014680"/>
</kw>
<kw name="Click Button" owner="SeleniumLibrary">
<msg time="2024-03-05T21:57:56.288893" level="INFO">Clicking button '//div[contains(@class, 'inventory_item_name')][text()='Test.allTheThings() T-Shirt (Red)']/../../..//button[contains(text(),'Add to cart')]'.</msg>
<arg>${ADD_CART}</arg>
<doc>Clicks the button identified by ``locator``.</doc>
<status status="PASS" start="2024-03-05T21:57:56.288734" elapsed="0.042349"/>
</kw>
<kw name="Set Variable" owner="BuiltIn">
<msg time="2024-03-05T21:57:56.331871" level="INFO">${REMOVE_CART} = //div[contains(@class, 'inventory_item_name')][text()='Test.allTheThings() T-Shirt (Red)']/../../..//button[contains(text(),'Remove')]</msg>
<var>${REMOVE_CART}</var>
<arg>//div[contains(@class, 'inventory_item_name')][text()='${removeitem}']/../../..//button[contains(text(),'Remove')]</arg>
<doc>Returns the given values which can then be assigned to a variables.</doc>
<status status="PASS" start="2024-03-05T21:57:56.331472" elapsed="0.000736"/>
</kw>
<kw name="Wait Until Element Is Visible" owner="SeleniumLibrary">
<arg>${REMOVE_CART}</arg>
<doc>Waits until the element ``locator`` is visible.</doc>
<status status="PASS" start="2024-03-05T21:57:56.332316" elapsed="0.009147"/>
</kw>
<kw name="Click Button" owner="SeleniumLibrary">
<msg time="2024-03-05T21:57:56.341781" level="INFO">Clicking button '//div[contains(@class, 'inventory_item_name')][text()='Test.allTheThings() T-Shirt (Red)']/../../..//button[contains(text(),'Remove')]'.</msg>
<arg>${REMOVE_CART}</arg>
<doc>Clicks the button identified by ``locator``.</doc>
<status status="PASS" start="2024-03-05T21:57:56.341594" elapsed="0.034814"/>
</kw>
<arg>additem=Test.allTheThings() T-Shirt (Red)</arg>
<arg>removeitem=Test.allTheThings() T-Shirt (Red)</arg>
<doc>The Test data for this Test case is drived from Data.xlsx to handle large volume of Test data</doc>
<status status="PASS" start="2024-03-05T21:57:56.083109" elapsed="0.293571"/>
</kw>
<kw name="Close Browser" owner="SeleniumLibrary" type="TEARDOWN">
<doc>Closes the current browser.</doc>
<status status="PASS" start="2024-03-05T21:57:56.377077" elapsed="0.072167"/>
</kw>
<status status="PASS" start="2024-03-05T21:57:53.789382" elapsed="2.659960"/>
</test>
<status status="PASS" start="2024-03-05T21:57:10.318719" elapsed="46.131033"/>
</suite>
<status status="PASS" start="2024-03-05T21:57:10.311313" elapsed="46.139468"/>
</suite>
<statistics>
<total>
<stat pass="12" fail="0" skip="0">All Tests</stat>
</total>
<tag>
</tag>
<suite>
<stat pass="12" fail="0" skip="0" id="s1" name="Suites">Suites</stat>
<stat pass="12" fail="0" skip="0" id="s1-s1" name="dataTest">Suites.dataTest</stat>
</suite>
</statistics>
<errors>
<msg time="2024-03-05T21:57:20.922676" level="WARN">Multiple tests with name 'Add Remove Items From Excel' executed in suite 'Suites.dataTest'.</msg>
<msg time="2024-03-05T21:57:25.936347" level="WARN">Multiple tests with name 'Add Remove Items From Excel' executed in suite 'Suites.dataTest'.</msg>
<msg time="2024-03-05T21:57:29.909554" level="WARN">Multiple tests with name 'Add Remove Items From Excel' executed in suite 'Suites.dataTest'.</msg>
<msg time="2024-03-05T21:57:32.676523" level="WARN">Multiple tests with name 'Add Remove Items From Excel' executed in suite 'Suites.dataTest'.</msg>
<msg time="2024-03-05T21:57:35.394604" level="WARN">Multiple tests with name 'Add Remove Items From Excel' executed in suite 'Suites.dataTest'.</msg>
<msg time="2024-03-05T21:57:39.005438" level="WARN">Multiple tests with name 'Add Remove Items From Excel' executed in suite 'Suites.dataTest'.</msg>
<msg time="2024-03-05T21:57:41.801227" level="WARN">Multiple tests with name 'Add Remove Items From Excel' executed in suite 'Suites.dataTest'.</msg>
<msg time="2024-03-05T21:57:45.524596" level="WARN">Multiple tests with name 'Add Remove Items From Excel' executed in suite 'Suites.dataTest'.</msg>
<msg time="2024-03-05T21:57:48.305511" level="WARN">Multiple tests with name 'Add Remove Items From Excel' executed in suite 'Suites.dataTest'.</msg>
<msg time="2024-03-05T21:57:50.855077" level="WARN">Multiple tests with name 'Add Remove Items From Excel' executed in suite 'Suites.dataTest'.</msg>
<msg time="2024-03-05T21:57:53.789172" level="WARN">Multiple tests with name 'Add Remove Items From Excel' executed in suite 'Suites.dataTest'.</msg>
</errors>
</robot>
