<?xml version="1.0" encoding="UTF-8"?>
<robot generator="Robot 7.0 (Python 3.12.2 on darwin)" generated="2024-03-01T01:28:46.979251" rpa="false" schemaversion="5">
<suite id="s1" name="Test" source="/Users/dilipdronadula/PycharmProjects/ecommerceRobotTestProject/Tests/E-CommerceTest/test.robot">
<test id="s1-t1" name="Scenario 1: Verify Cart Checkout" line="10">
<kw name="New Page">
<msg time="2024-03-01T01:28:47.048933" level="FAIL">No keyword with name 'New Page' found.</msg>
<arg>http://www.google.com</arg>
<status status="FAIL" start="2024-03-01T01:28:47.048906" elapsed="0.000053">No keyword with name 'New Page' found.</status>
</kw>
<status status="FAIL" start="2024-03-01T01:28:47.047907" elapsed="0.002106">No keyword with name 'New Page' found.</status>
</test>
<status status="FAIL" start="2024-03-01T01:28:46.980121" elapsed="0.070065"/>
</suite>
<statistics>
<total>
<stat pass="0" fail="1" skip="0">All Tests</stat>
</total>
<tag>
</tag>
<suite>
<stat pass="0" fail="1" skip="0" id="s1" name="Test">Test</stat>
</suite>
</statistics>
<errors>
</errors>
</robot>
